<test-run id="2" testcasecount="1" result="Passed" start-time="2024-12-09 21:52:49.658616" end-time="2024-12-09 21:52:49.707271" duration="0" total="1" passed="0" failed="1" inconclusive="0" skipped="0" asserts="0" clr-version="3.10.12 (main, Nov  6 2024, 20:22:13) [GCC 11.4.0]" engine-version="3.6.2"><command-line>/home/remcovaes/.local/bin/pytest</command-line><filter /><test-suite id="test_main.py" name="test_main.py" fullname="test_main.py" methodname="" classname="" runstate="Runnable" type="Assembly" testcasecount="1" result="Passed" label="" start-time="2024-12-09 21:52:49.676647" end-time="2024-12-09 21:52:49.707023" duration="0.030376" asserts="0" total="1" passed="0" failed="1" warnings="0" inconclusive="0" skipped="0"><properties><property name="python_version" value="3.10.12 (main, Nov  6 2024, 20:22:13) [GCC 11.4.0]" /></properties><test-case id="100" name="test_main.py::test_total_1" fullname="test_main.py::test_total_1" methodname="test_total_1" classname="test_main.py" runstate="Runnable" seed="1" result="Failed" label="" start-time="2024-12-09 21:52:49.676647" end-time="2024-12-09 21:52:49.707023" duration="0.030376" asserts="0"><properties><property name="python-version" value="3.10.12 (main, Nov  6 2024, 20:22:13) [GCC 11.4.0]" /><property name="fspath" value="test_main.py" /></properties><environment framework-version="3.6.2" clr-version="3.10.12 (main, Nov  6 2024, 20:22:13) [GCC 11.4.0]" os-version="6.8.0-49-generic" platform="Linux" cwd="/home/remcovaes/workspaces/advent-of-code-2024/day10python" machine-name="x86_64" user="" user-domain="" culture="en_GB" uiculture="en_GB" os-architecture="64bit" /><failure><message><![CDATA[def test_total_1():
&gt;       assert False
E       assert False

test_main.py:2: AssertionError]]></message><stack-trace><![CDATA[/home/remcovaes/workspaces/advent-of-code-2024/day10python/test_main.py:2: assert False]]></stack-trace></failure><reason><message><![CDATA[]]></message></reason><output><![CDATA[]]></output></test-case><environment framework-version="3.6.2" clr-version="3.10.12 (main, Nov  6 2024, 20:22:13) [GCC 11.4.0]" os-version="6.8.0-49-generic" platform="Linux" cwd="/home/remcovaes/workspaces/advent-of-code-2024/day10python" machine-name="x86_64" user="" user-domain="" culture="en_GB" uiculture="en_GB" os-architecture="64bit" /></test-suite></test-run>